<?xml version="1.0" encoding="UTF-8"?>
<!-- Generated by org.testng.reporters.JUnitReportReporter -->
<testsuite hostname="LAPTOP-GV7BV4DN" failures="0" tests="1" name="hudl.RunnerFiles.TestRunner" time="0.091" errors="0" timestamp="2024-05-30T19:25:18 IST" skipped="0">
  <testcase classname="hudl.RunnerFiles.TestRunner" name="runScenario" time="0.091"/>
</testsuite> <!-- hudl.RunnerFiles.TestRunner -->
